[2023-08-09 16:04:55,930][gensim.utils][INFO] - loading Word2Vec object from /Users/meetbanthia/Desktop/halelab/LegalAspects/word_vectors/jgs.json.txt.w2v
[2023-08-09 16:04:55,942][gensim.utils][INFO] - loading wv recursively from /Users/meetbanthia/Desktop/halelab/LegalAspects/word_vectors/jgs.json.txt.w2v.wv.* with mmap=None
[2023-08-09 16:04:55,942][gensim.utils][INFO] - setting ignored attribute cum_table to None
[2023-08-09 16:04:55,984][gensim.utils][INFO] - Word2Vec lifecycle event {'fname': '/Users/meetbanthia/Desktop/halelab/LegalAspects/word_vectors/jgs.json.txt.w2v', 'datetime': '2023-08-09T16:04:55.969497', 'gensim': '4.3.1', 'python': '3.11.3 (main, Apr 19 2023, 18:49:55) [Clang 14.0.6 ]', 'platform': 'macOS-12.3.1-arm64-arm-64bit', 'event': 'loaded'}
[2023-08-09 16:05:00,494][gensim.utils][INFO] - loading Word2Vec object from /Users/meetbanthia/Desktop/halelab/LegalAspects/word_vectors/jgs.json.txt.w2v
[2023-08-09 16:05:00,501][gensim.utils][INFO] - loading wv recursively from /Users/meetbanthia/Desktop/halelab/LegalAspects/word_vectors/jgs.json.txt.w2v.wv.* with mmap=None
[2023-08-09 16:05:00,501][gensim.utils][INFO] - setting ignored attribute cum_table to None
[2023-08-09 16:05:00,533][gensim.utils][INFO] - Word2Vec lifecycle event {'fname': '/Users/meetbanthia/Desktop/halelab/LegalAspects/word_vectors/jgs.json.txt.w2v', 'datetime': '2023-08-09T16:05:00.533873', 'gensim': '4.3.1', 'python': '3.11.3 (main, Apr 19 2023, 18:49:55) [Clang 14.0.6 ]', 'platform': 'macOS-12.3.1-arm64-arm-64bit', 'event': 'loaded'}
[2023-08-09 16:05:00,662][__main__][INFO] - 0 batches, and LR: 0.00100
[2023-08-09 16:05:00,699][__main__][INFO] - [1] monday morning saturday evening afternoon night gospi friday clock week vacation sunday pm noon raeburn
[2023-08-09 16:05:00,699][__main__][INFO] - [2] lakshmindra subhashini saharya thirtha khanduja cv sachthey kmk gambhir praveen deft swamiar pramod parihar vineet
[2023-08-09 16:05:00,699][__main__][INFO] - [3] survivorship watan alienated impartible inherit raiyat primogeniture devolved predeceased taluqdari occupancy devolves kavaru ancestral heritable
[2023-08-09 16:05:00,699][__main__][INFO] - [4] complies complied comply complying fulfilled compliance satisfies expires noncompliance directory fulfils conform renew requirement conformity
[2023-08-09 16:05:00,699][__main__][INFO] - [5] mohiuddin kalaka satbir polling stained cartridge burthal inquest interrogated jeep corroborated chhotey pw shilavati pws
[2023-08-09 16:05:00,699][__main__][INFO] - [6] fighting hatred happiness prestige million dadachanji prosperity unity stake alarm battle socialist disorderly stability aspiration
[2023-08-09 16:05:00,700][__main__][INFO] - [7] route carriage plying operator passenger transport bus vehicle tourist ply coordinated economical motor nationalised carrier
[2023-08-09 16:05:00,700][__main__][INFO] - [8] knife spear lathi fired incised neck blow shot cot assailant stained pistol stab lacerated bhonaji
[2023-08-09 16:05:00,700][__main__][INFO] - [9] abridges repealed repeal obstante oilseed repealing dadachanji adaptation lxv sro xxxii craies lakshmindra merwara xxvii
[2023-08-09 16:05:00,700][__main__][INFO] - [10] smell stained stain cartridge knife shirt blood kerosene cot neck lantern lathi hair stomach clothes
[2023-08-09 16:05:00,700][__main__][INFO] - [11] dioxide polyester carton hemp lobster rab shrimp fibre ingot juice manufactured edible skimmed dye yarn
[2023-08-09 16:05:00,700][__main__][INFO] - [12] still intact continues remain remained remains unaffected ceased unchanged unfilled longer continue unsatisfied till lobster
[2023-08-09 16:05:00,700][__main__][INFO] - [13] denning atherton macmillan atkin edn viscount halsbury parker craies gwyer wright reid atkinson edition haldane
[2023-08-09 16:05:00,700][__main__][INFO] - [14] ambiguous ambiguity grammatical unambiguous literal maxwell absurdity widest construing couched interpret craies construe obscure etymological
[2023-08-09 16:05:00,700][__main__][INFO] - [15] coordinated economical lakshmindra dadachanji excellence decent differentia sikkimese jockey stability calibre dioxide decency hatred skill
[2023-08-09 16:05:00,700][__main__][INFO] - [16] lakshmindra worship idol swamiar ceremony thirtha tenet religious chela math shrine temple rite follower sect
[2023-08-09 16:05:00,700][__main__][INFO] - [17] admeasuring adjacent pasture masonry gunthas storeyed mile appurtenant drainage metre adjoining abadi sq embankment vicinity
[2023-08-09 16:05:00,700][__main__][INFO] - [18] blank thumb signature envelope seal counterfoil filled voucher lading ballot forged endorsed cheque duplicate drawer
[2023-08-09 16:05:00,700][__main__][INFO] - [19] depreciation accounting turnover unabsorbed taxable computed assessable chargeable computation rebate dividend computing deductible deducting assessment
[2023-08-09 16:05:00,700][__main__][INFO] - [20] kernel groundnut shrimp edible lobster nut juice bran dioxide rab hydrogenated mixture prawn fibre seed
[2023-08-09 16:05:00,700][__main__][INFO] - [21] detaining detenu detained detention deten commu communicate sentation conservation advisory representation jail prejudicial communicated preventive
[2023-08-09 16:05:00,700][__main__][INFO] - [22] sikkimese polled vote constituency hariana hatred akali caste electorate educationally religion elector sikh sanghas lepcha
[2023-08-09 16:05:00,700][__main__][INFO] - [23] sachthey dhebar dadachanji gopalakrishnan jb subhashini chaudhuri ganapathy rh ratnaparkhi daphtary kr naunit ck andley
[2023-08-09 16:05:00,700][__main__][INFO] - [24] envelope mohiuddin leaflet voucher pasted signature poster printed proposer typed counterfoil copy pamphlet attested raeburn
[2023-08-09 16:05:00,700][__main__][INFO] - [25] examine examining consider summon scrutinise examined scrutinize adjudicate recall investigate ascertain adduce hear enquire cross
[2023-08-09 16:05:00,700][__main__][INFO] - [26] juror jury assessor verdict misdirection triable session voce convicting acquit vote accomplice proposer viva retrial
[2023-08-09 16:05:00,700][__main__][INFO] - [27] emotional psychological dynamic hatred decency penological doctrinaire interpretative deeper deterrence cherished fraught retribution improbability attractive
[2023-08-09 16:05:00,700][__main__][INFO] - [28] ganapathy lyer gopalakrishnan sachthey dhebar rh subhashini rangam av kr iyer viswanatha tvsn parmeshwaran cv
[2023-08-09 16:05:00,700][__main__][INFO] - [29] misc pbr sachthey sca quashing limine khanduja niren dhebar functus dikshit dadachanji khanwilkar npv dismissing
[2023-08-09 16:05:00,700][__main__][INFO] - [30] spontaneous growing growth grass tree regeneration jungle plantation wild felling stump teak planted forest cultivated
[2023-08-09 16:05:00,700][__main__][INFO] - [31] steamer unloading cargo destination siding wagon transporting loading loaded crane consignee rail carrier shipped vessel
[2023-08-09 16:05:00,700][__main__][INFO] - [32] subhashini sachthey dadachanji dhebar jb gopalakrishnan ratnaparkhi rh khanduja cv andley oc brgk bhartari parihar
[2023-08-09 16:05:00,700][__main__][INFO] - [33] seven five thirty eight fourteen sixty twelve six nine fifteen twenty eleven ninety eighteen ten
[2023-08-09 16:05:00,700][__main__][INFO] - [34] lakshmindra coimbatore misc kanara hoshiarpur coorg jaintia gurgaon thirtha belgaum bareilly gorakhpur dadra sholapur guntur
[2023-08-09 16:05:00,700][__main__][INFO] - [35] technically economical parlance dioxide commercially coordinated generate inexpedient unskilled martial voce strictly feasible adequately viva
[2023-08-09 16:05:00,700][__main__][INFO] - Loss: 2008.6902
[2023-08-09 16:05:19,770][__main__][INFO] - 1000 batches, and LR: 0.00100
[2023-08-09 16:05:19,796][__main__][INFO] - [1] monday saturday morning vacation friday evening gospi summer week sunday holiday afternoon adjourned day night
[2023-08-09 16:05:19,796][__main__][INFO] - [2] deo kameshwar madho kishori sunder bhagwan devi chaman amar chiranjit pratap ram mohanlal brij sah
[2023-08-09 16:05:19,796][__main__][INFO] - [3] jagirdar alienated watan survivorship inherit taluqdari arz raiyat zamindari cultivatory occupancy raiyats reversioner ancestor ryot
[2023-08-09 16:05:19,796][__main__][INFO] - [4] complies complied comply compliance complying fulfilled satisfies directory fulfils requirement conform conformity obeyed noncompliance amenity
[2023-08-09 16:05:19,796][__main__][INFO] - [5] complicity incriminating smuggled interrogated bribe confession implicated suspect corroborate stolen jeep dacoity corroborated kalaka suspected
[2023-08-09 16:05:19,796][__main__][INFO] - [6] fighting million prestige dadachanji resisted contested stake hatred prosperity loyalty fought obstruct dignity jb defeating
[2023-08-09 16:05:19,796][__main__][INFO] - [7] route carriage operator bus plying passenger tourist transport vehicle ply motor permit nationalised omnibus nationalisation
[2023-08-09 16:05:19,796][__main__][INFO] - [8] incised neck shot fracture fired injury blow spear knife assailant grievous stab lathi abdomen abrasion
[2023-08-09 16:05:19,796][__main__][INFO] - [9] inserted obstante corresponds adaptation repealing repeal repealed xxiv seventh lxv ninth enacted xxxi xxvi repugnant
[2023-08-09 16:05:19,796][__main__][INFO] - [10] smell blood stained hair solid stain mortem lantern clothes acid poison shirt effluent powder dead
[2023-08-09 16:05:19,796][__main__][INFO] - [11] manufactured polyester yarn dioxide dye manufac excisable manufacture fibre fabric beverage raw billet carton packing
[2023-08-09 16:05:19,796][__main__][INFO] - [12] still intact remains remained continues remain unaffected longer unchanged long continue ceased alive till unfilled
[2023-08-09 16:05:19,796][__main__][INFO] - [13] denning halsbury lj atkin viscount edn lord edition macmillan wright atkinson reid vol smith parker
[2023-08-09 16:05:19,796][__main__][INFO] - [14] ambiguous ambiguity unambiguous grammatical literal absurdity widest construing construed interpret construction obscure construe liberal interpretation
[2023-08-09 16:05:19,796][__main__][INFO] - [15] enduring skill secular coordinated excellence decent imparting jockey lending differentia advancement economic exploitation predominant expertise
[2023-08-09 16:05:19,796][__main__][INFO] - [16] worship idol ceremony math temple rite religious endowment shrine deity sect tenet swamiar ritual chela
[2023-08-09 16:05:19,796][__main__][INFO] - [17] adjacent sq storeyed appurtenant adjoining admeasuring pasture erecting abadi site park constructed wall gunthas residential
[2023-08-09 16:05:19,796][__main__][INFO] - [18] blank thumb filled signature seal donee assent space endorsed renunciation sarkar marking envelope bogus coin
[2023-08-09 16:05:19,796][__main__][INFO] - [19] depreciation accounting assessable computation chargeable turnover computed assessment unabsorbed net deductible smallness dividend profit taxable
[2023-08-09 16:05:19,796][__main__][INFO] - [20] kernel groundnut nut edible hydrogenated oil bran shrimp cashew rab turnover seed cake vegetable lobster
[2023-08-09 16:05:19,796][__main__][INFO] - [21] detenu detention detaining detained deten commu communicate representation preventive earliest sentation conservation detain prejudicial communicated
[2023-08-09 16:05:19,796][__main__][INFO] - [22] seat constituency vote elected electorate polled caste sikkimese candidate elector akali hariana candidature lepchas voter
[2023-08-09 16:05:19,796][__main__][INFO] - [23] chaudhuri gopalakrishnan kr daphtary dhebar ck ganapathy dadachanji sachthey ratnaparkhi jb rh naunit hj viswanatha
[2023-08-09 16:05:19,796][__main__][INFO] - [24] leaflet poster printed envelope pamphlet annexures voucher exh herewith typed pasted annexure urdu circulated signature
[2023-08-09 16:05:19,796][__main__][INFO] - [25] examine examining consider scrutinise examined adjudicate ascertain summon scrutinize recall investigate enquire cross decide discus
[2023-08-09 16:05:19,796][__main__][INFO] - [26] juror jury assessor verdict triable misdirection session retrial convicting inexpedient acquit convict cognizance acquitted panel
[2023-08-09 16:05:19,796][__main__][INFO] - [27] dynamic complexity deeper pragmatic credibility deeply fraught improbability closer interpretative arbitrariness subtle bias emotional perspective
[2023-08-09 16:05:19,796][__main__][INFO] - [28] lyer ganapathy iyer gopalakrishnan rangam pillai narayana chettiar venkata nair ramaswami ammal krishnamurthy ramachandran krishna
[2023-08-09 16:05:19,796][__main__][INFO] - [29] lakshmindra dadachanji sachthey dhebar subhashini jb thirtha porus andley ganapathy brgk ratnaparkhi bhartari daphtary kmk
[2023-08-09 16:05:19,796][__main__][INFO] - [30] spontaneous growing forest growth tree plantation felling wild grass regeneration jungle forestry sal stigma cultivated
[2023-08-09 16:05:19,796][__main__][INFO] - [31] steamer alongside port lading consignee cargo destination consignor vessel loaded rail carrier siding ship dock
[2023-08-09 16:05:19,796][__main__][INFO] - [32] subhashini sachthey dhebar dadachanji khanduja karanjawala shroff jb oc andley bhasme rh ratnaparkhi gambhir khanwilkar
[2023-08-09 16:05:19,797][__main__][INFO] - [33] seven five twelve fourteen eight nine six thirty ten twenty sixty eleven eighteen ninety fifteen
[2023-08-09 16:05:19,797][__main__][INFO] - [34] hoshiarpur coimbatore gurgaon shillong kanara sholapur agra rohtak coorg meerut warangal tripura salem belgaum guntur
[2023-08-09 16:05:19,797][__main__][INFO] - [35] technically parlance highly martial strictly generation commonly generate sake feasible commercially judicata domestic inexpedient economical
[2023-08-09 16:05:19,797][__main__][INFO] - Loss: 8.0305
[2023-08-09 16:05:39,240][__main__][INFO] - 2000 batches, and LR: 0.00100
[2023-08-09 16:05:39,266][__main__][INFO] - [1] monday saturday morning vacation friday evening gospi summer week sunday holiday afternoon adjourned day night
[2023-08-09 16:05:39,267][__main__][INFO] - [2] deo kameshwar madho kishori sunder bhagwan devi chaman amar pratap chiranjit ram brij mohanlal sah
[2023-08-09 16:05:39,267][__main__][INFO] - [3] jagirdar alienated watan survivorship inherit taluqdari arz raiyat zamindari cultivatory occupancy raiyats reversioner ancestor ryot
[2023-08-09 16:05:39,267][__main__][INFO] - [4] complies complied compliance comply complying satisfies fulfilled directory fulfils requirement conform obeyed amenity conformity noncompliance
[2023-08-09 16:05:39,267][__main__][INFO] - [5] complicity incriminating smuggled interrogated bribe confession implicated suspect corroborate stolen jeep dacoity kalaka corroborated suspected
[2023-08-09 16:05:39,267][__main__][INFO] - [6] fighting million prestige resisted contested stake hatred dadachanji prosperity loyalty fought obstruct dignity defeating stability
[2023-08-09 16:05:39,267][__main__][INFO] - [7] route carriage operator bus plying passenger tourist transport vehicle ply motor permit nationalised omnibus nationalisation
[2023-08-09 16:05:39,267][__main__][INFO] - [8] incised neck shot fracture fired injury blow spear knife grievous assailant stab lathi abdomen abrasion
[2023-08-09 16:05:39,267][__main__][INFO] - [9] inserted obstante corresponds adaptation repealing repeal repealed xxiv seventh lxv enacted ninth repugnant xxvi xxxi
[2023-08-09 16:05:39,267][__main__][INFO] - [10] smell blood stained hair solid stain lantern clothes mortem acid effluent poison shirt powder fat
[2023-08-09 16:05:39,267][__main__][INFO] - [11] manufactured polyester yarn dioxide dye manufac excisable manufacture fibre fabric beverage raw carton billet packing
[2023-08-09 16:05:39,267][__main__][INFO] - [12] still intact remains remained continues remain unaffected longer unchanged long continue ceased alive till root
[2023-08-09 16:05:39,267][__main__][INFO] - [13] denning halsbury lj atkin viscount edn lord macmillan edition wright vol atkinson smith reid parker
[2023-08-09 16:05:39,267][__main__][INFO] - [14] ambiguous ambiguity unambiguous grammatical literal absurdity widest construing construed interpret obscure construction construe liberal interpretation
[2023-08-09 16:05:39,267][__main__][INFO] - [15] skill enduring secular economic excellence lending advancement imparting jockey decent exploitation predominant talent productive expertise
[2023-08-09 16:05:39,267][__main__][INFO] - [16] worship idol ceremony math temple rite religious endowment shrine deity sect swamiar ritual tenet chela
[2023-08-09 16:05:39,267][__main__][INFO] - [17] adjacent storeyed sq appurtenant adjoining admeasuring pasture erecting abadi site park constructed wall residential gunthas
[2023-08-09 16:05:39,267][__main__][INFO] - [18] blank thumb filled signature seal donee space assent endorsed renunciation marking sarkar bogus envelope coin
[2023-08-09 16:05:39,267][__main__][INFO] - [19] depreciation accounting assessable computation chargeable turnover computed assessment unabsorbed net deductible smallness profit dividend taxable
[2023-08-09 16:05:39,267][__main__][INFO] - [20] kernel groundnut nut edible hydrogenated oil bran cashew shrimp rab turnover seed cake vegetable mixture
[2023-08-09 16:05:39,267][__main__][INFO] - [21] detenu detention detaining detained deten commu communicate representation preventive earliest sentation conservation detain prejudicial communicated
[2023-08-09 16:05:39,267][__main__][INFO] - [22] seat constituency vote elected polled electorate caste candidate akali candidature elector sikkimese hariana voted sikkim
[2023-08-09 16:05:39,267][__main__][INFO] - [23] chaudhuri gopalakrishnan kr daphtary ck dhebar ganapathy dadachanji sachthey ratnaparkhi jb rh naunit viswanatha hj
[2023-08-09 16:05:39,267][__main__][INFO] - [24] leaflet printed poster envelope pamphlet annexures voucher exh herewith typed pasted annexure urdu circulated signature
[2023-08-09 16:05:39,267][__main__][INFO] - [25] examine examining consider scrutinise adjudicate examined ascertain scrutinize summon recall investigate enquire cross decide discus
[2023-08-09 16:05:39,267][__main__][INFO] - [26] juror jury assessor verdict triable misdirection session retrial convicting inexpedient acquit convict cognizance panel acquitted
[2023-08-09 16:05:39,267][__main__][INFO] - [27] dynamic complexity deeper pragmatic fraught deeply credibility improbability arbitrariness closer interpretative subtle bias perspective dilemma
[2023-08-09 16:05:39,267][__main__][INFO] - [28] lyer ganapathy iyer gopalakrishnan rangam pillai narayana chettiar venkata nair ammal ramaswami krishna ramachandran krishnamurthy
[2023-08-09 16:05:39,267][__main__][INFO] - [29] lakshmindra dadachanji dhebar thirtha jb sachthey andley porus subhashini rh bhartari brgk ganapathy swamiar daphtary
[2023-08-09 16:05:39,267][__main__][INFO] - [30] spontaneous growing forest growth tree plantation felling wild regeneration grass jungle forestry sal stigma cultivated
[2023-08-09 16:05:39,267][__main__][INFO] - [31] steamer alongside port lading consignee cargo destination consignor vessel rail carrier loaded siding ship dock
[2023-08-09 16:05:39,267][__main__][INFO] - [32] subhashini sachthey dhebar dadachanji khanduja karanjawala shroff jb oc bhasme andley ratnaparkhi rh gambhir khanwilkar
[2023-08-09 16:05:39,267][__main__][INFO] - [33] seven five twelve fourteen eight nine six thirty ten twenty eleven sixty eighteen ninety thirteen
[2023-08-09 16:05:39,267][__main__][INFO] - [34] hoshiarpur coimbatore gurgaon shillong kanara sholapur agra rohtak meerut coorg warangal salem tripura belgaum hissar
[2023-08-09 16:05:39,267][__main__][INFO] - [35] technically parlance highly martial strictly generation generate commonly sake feasible commercially domestic judicata inexpedient economical
[2023-08-09 16:05:39,267][__main__][INFO] - Loss: 17.8901
[2023-08-09 16:05:59,483][__main__][INFO] - 3000 batches, and LR: 0.00100
[2023-08-09 16:05:59,519][__main__][INFO] - [1] monday saturday morning vacation friday evening gospi summer week holiday sunday afternoon adjourned day night
[2023-08-09 16:05:59,519][__main__][INFO] - [2] deo kameshwar kishori madho sunder devi bhagwan amar pratap chaman ram chiranjit brij mohanlal nathu
[2023-08-09 16:05:59,519][__main__][INFO] - [3] jagirdar alienated watan survivorship inherit taluqdari arz zamindari raiyat cultivatory occupancy reversioner raiyats ancestor ryot
[2023-08-09 16:05:59,519][__main__][INFO] - [4] complies complied compliance comply complying satisfies fulfilled directory fulfils requirement conform amenity obeyed conformity noncompliance
[2023-08-09 16:05:59,519][__main__][INFO] - [5] complicity incriminating interrogated smuggled bribe implicated suspect confession corroborate stolen dacoity jeep suspected kalaka corroborated
[2023-08-09 16:05:59,519][__main__][INFO] - [6] fighting million prestige resisted hatred contested stake prosperity dadachanji loyalty fought obstruct dignity defeating frustration
[2023-08-09 16:05:59,522][__main__][INFO] - [7] route carriage operator bus plying passenger tourist transport vehicle ply motor permit nationalised omnibus nationalisation
[2023-08-09 16:05:59,522][__main__][INFO] - [8] incised neck shot fracture injury fired spear blow knife grievous assailant stab lathi abdomen abrasion
[2023-08-09 16:05:59,522][__main__][INFO] - [9] inserted obstante corresponds adaptation repealing repeal repealed xxiv seventh lxv enacted ninth repugnant xxvi repugnancy
[2023-08-09 16:05:59,522][__main__][INFO] - [10] smell blood stained hair solid stain clothes lantern acid mortem effluent poison fat shirt dead
[2023-08-09 16:05:59,522][__main__][INFO] - [11] manufactured polyester yarn dioxide dye manufac excisable manufacture fibre fabric beverage raw billet carton packing
[2023-08-09 16:05:59,522][__main__][INFO] - [12] still intact remains remained continues remain unaffected longer unchanged long continue ceased alive till root
[2023-08-09 16:05:59,522][__main__][INFO] - [13] denning halsbury lj atkin viscount edn lord macmillan edition wright atkinson vol smith reid parker
[2023-08-09 16:05:59,522][__main__][INFO] - [14] ambiguous ambiguity unambiguous grammatical literal absurdity widest construing construed obscure interpret construction liberal construe interpretation
[2023-08-09 16:05:59,522][__main__][INFO] - [15] skill enduring secular economic excellence imparting lending advancement decent jockey predominant exploitation talent productive expertise
[2023-08-09 16:05:59,522][__main__][INFO] - [16] worship idol ceremony math temple rite religious endowment shrine deity sect tenet swamiar ritual chela
[2023-08-09 16:05:59,522][__main__][INFO] - [17] adjacent storeyed sq appurtenant adjoining admeasuring pasture erecting abadi site park constructed wall residential plot
[2023-08-09 16:05:59,522][__main__][INFO] - [18] blank thumb filled signature seal space donee assent endorsed marking renunciation sarkar bogus envelope coin
[2023-08-09 16:05:59,522][__main__][INFO] - [19] depreciation accounting assessable computation chargeable turnover computed assessment unabsorbed net deductible smallness profit dividend gain
[2023-08-09 16:05:59,522][__main__][INFO] - [20] kernel groundnut nut edible hydrogenated oil bran shrimp cashew rab turnover seed cake vegetable mixture
[2023-08-09 16:05:59,522][__main__][INFO] - [21] detenu detention detaining detained deten commu communicate representation preventive earliest sentation conservation detain prejudicial communicated
[2023-08-09 16:05:59,522][__main__][INFO] - [22] seat constituency vote elected polled electorate caste candidate akali sikkimese candidature elector hariana voted sikkim
[2023-08-09 16:05:59,522][__main__][INFO] - [23] chaudhuri gopalakrishnan kr daphtary ck dhebar ganapathy dadachanji sachthey ratnaparkhi rh jb naunit viswanatha hj
[2023-08-09 16:05:59,522][__main__][INFO] - [24] leaflet printed poster envelope annexures pamphlet voucher herewith exh typed pasted annexure urdu circulated signature
[2023-08-09 16:05:59,522][__main__][INFO] - [25] examine examining consider scrutinise adjudicate examined ascertain scrutinize summon recall investigate enquire cross discus decide
[2023-08-09 16:05:59,522][__main__][INFO] - [26] juror jury assessor verdict triable misdirection session retrial convicting inexpedient convict acquit cognizance corroboration panel
[2023-08-09 16:05:59,522][__main__][INFO] - [27] dynamic complexity deeper pragmatic fraught credibility deeply improbability arbitrariness closer interpretative bias subtle perspective dilemma
[2023-08-09 16:05:59,522][__main__][INFO] - [28] lyer ganapathy iyer gopalakrishnan rangam pillai narayana chettiar nair ammal venkata ramaswami krishna ramachandran krishnamurthy
[2023-08-09 16:05:59,522][__main__][INFO] - [29] lakshmindra dadachanji subhashini dhebar sachthey thirtha porus jb andley bhartari brgk khanwilkar ganapathy rh ratnaparkhi
[2023-08-09 16:05:59,522][__main__][INFO] - [30] spontaneous growing forest growth tree plantation felling wild regeneration grass jungle forestry sal stigma cultivated
[2023-08-09 16:05:59,522][__main__][INFO] - [31] steamer alongside port lading consignee cargo destination consignor vessel rail loaded carrier siding ship dock
[2023-08-09 16:05:59,522][__main__][INFO] - [32] subhashini sachthey dhebar karanjawala dadachanji khanduja shroff jb oc bhasme andley ratnaparkhi gambhir rh khanwilkar
[2023-08-09 16:05:59,522][__main__][INFO] - [33] seven five twelve fourteen eight nine six thirty ten twenty eleven sixty eighteen thirteen ninety
[2023-08-09 16:05:59,522][__main__][INFO] - [34] hoshiarpur coimbatore gurgaon shillong kanara sholapur agra rohtak meerut coorg warangal salem belgaum hissar tripura
[2023-08-09 16:05:59,522][__main__][INFO] - [35] technically parlance highly martial generation strictly commonly generate feasible sake commercially domestic judicata inexpedient economical
[2023-08-09 16:05:59,522][__main__][INFO] - Loss: 1.4031
[2023-08-09 16:06:18,945][__main__][INFO] - 4000 batches, and LR: 0.00100
[2023-08-09 16:06:18,980][__main__][INFO] - [1] monday saturday morning vacation friday evening gospi summer week sunday holiday afternoon adjourned night day
[2023-08-09 16:06:18,981][__main__][INFO] - [2] deo kameshwar kishori madho sunder devi bhagwan amar pratap chaman ram chiranjit brij sah mohanlal
[2023-08-09 16:06:18,981][__main__][INFO] - [3] jagirdar alienated watan survivorship inherit taluqdari arz raiyat zamindari occupancy cultivatory ancestor reversioner raiyats ryot
[2023-08-09 16:06:18,981][__main__][INFO] - [4] complies complied compliance comply complying satisfies fulfilled directory fulfils requirement conform obeyed conformity amenity noncompliance
[2023-08-09 16:06:18,981][__main__][INFO] - [5] complicity incriminating interrogated smuggled bribe implicated suspect confession corroborate stolen jeep dacoity kalaka suspected corroborated
[2023-08-09 16:06:18,981][__main__][INFO] - [6] fighting prestige million resisted hatred contested stake prosperity dadachanji fought loyalty obstruct dignity defeating frustration
[2023-08-09 16:06:18,986][__main__][INFO] - [7] route carriage operator bus plying passenger tourist transport vehicle ply motor permit nationalised omnibus nationalisation
[2023-08-09 16:06:18,986][__main__][INFO] - [8] incised neck shot fracture fired injury spear blow knife grievous stab assailant lathi abdomen abrasion
[2023-08-09 16:06:18,986][__main__][INFO] - [9] inserted obstante corresponds adaptation repealing repeal repealed xxiv seventh lxv enacted ninth repugnant xxvi repugnancy
[2023-08-09 16:06:18,986][__main__][INFO] - [10] smell blood stained hair solid stain clothes lantern mortem acid effluent poison fat shirt dead
[2023-08-09 16:06:18,986][__main__][INFO] - [11] manufactured polyester yarn dioxide dye manufac excisable manufacture fibre fabric beverage raw carton billet packing
[2023-08-09 16:06:18,986][__main__][INFO] - [12] still intact remains remained continues remain unaffected longer unchanged long continue ceased alive root till
[2023-08-09 16:06:18,986][__main__][INFO] - [13] denning halsbury lj atkin viscount edn lord macmillan edition wright atkinson vol smith reid parker
[2023-08-09 16:06:18,986][__main__][INFO] - [14] ambiguous ambiguity unambiguous grammatical literal absurdity widest construing construed obscure interpret construction liberal construe interpretation
[2023-08-09 16:06:18,986][__main__][INFO] - [15] skill enduring secular economic excellence decent imparting advancement lending jockey predominant exploitation talent productive intellectual
[2023-08-09 16:06:18,986][__main__][INFO] - [16] worship idol ceremony math temple rite religious endowment shrine deity sect ritual tenet swamiar chela
[2023-08-09 16:06:18,986][__main__][INFO] - [17] adjacent storeyed sq appurtenant adjoining admeasuring pasture erecting abadi site constructed park wall residential plot
[2023-08-09 16:06:18,986][__main__][INFO] - [18] blank thumb filled signature seal space donee assent endorsed marking renunciation sarkar bogus envelope drawer
[2023-08-09 16:06:18,986][__main__][INFO] - [19] depreciation accounting assessable computation chargeable turnover computed assessment unabsorbed net deductible smallness gain profit taxable
[2023-08-09 16:06:18,986][__main__][INFO] - [20] kernel groundnut nut edible hydrogenated oil bran shrimp cashew rab turnover seed cake vegetable mixture
[2023-08-09 16:06:18,986][__main__][INFO] - [21] detenu detention detaining detained deten commu communicate representation preventive earliest sentation conservation detain prejudicial communicated
[2023-08-09 16:06:18,986][__main__][INFO] - [22] seat constituency vote elected polled electorate caste candidate candidature akali sikkimese elector hariana voted sikkim
[2023-08-09 16:06:18,986][__main__][INFO] - [23] chaudhuri gopalakrishnan kr daphtary ck dhebar ganapathy sachthey dadachanji ratnaparkhi rh naunit jb viswanatha hj
[2023-08-09 16:06:18,986][__main__][INFO] - [24] leaflet printed poster envelope pamphlet annexures voucher exh typed herewith pasted annexure urdu circulated signature
[2023-08-09 16:06:18,986][__main__][INFO] - [25] examine examining consider scrutinise adjudicate examined ascertain scrutinize recall summon investigate enquire cross discus evaluate
[2023-08-09 16:06:18,986][__main__][INFO] - [26] juror jury assessor verdict triable misdirection session retrial convicting inexpedient convict acquit cognizance corroboration panel
[2023-08-09 16:06:18,986][__main__][INFO] - [27] dynamic complexity deeper pragmatic fraught credibility deeply arbitrariness improbability interpretative closer bias subtle dilemma extreme
[2023-08-09 16:06:18,986][__main__][INFO] - [28] lyer ganapathy iyer gopalakrishnan rangam pillai narayana chettiar nair ammal venkata ramaswami krishna ramachandran krishnamurthy
[2023-08-09 16:06:18,986][__main__][INFO] - [29] lakshmindra dadachanji dhebar thirtha sachthey subhashini jb andley porus bhartari ratnaparkhi brgk ganapathy khanwilkar rh
[2023-08-09 16:06:18,986][__main__][INFO] - [30] spontaneous growing forest growth tree plantation felling wild regeneration jungle grass forestry stigma sal cultivated
[2023-08-09 16:06:18,986][__main__][INFO] - [31] steamer alongside port lading consignee cargo destination consignor vessel loaded rail carrier siding ship dock
[2023-08-09 16:06:18,986][__main__][INFO] - [32] subhashini sachthey dhebar karanjawala khanduja dadachanji shroff jb oc bhasme ratnaparkhi andley gambhir rh khanwilkar
[2023-08-09 16:06:18,986][__main__][INFO] - [33] seven five twelve fourteen eight nine six ten thirty twenty eleven sixty eighteen thirteen ninety
[2023-08-09 16:06:18,986][__main__][INFO] - [34] hoshiarpur gurgaon coimbatore shillong kanara sholapur rohtak agra meerut coorg warangal salem belgaum hissar kurnool
[2023-08-09 16:06:18,986][__main__][INFO] - [35] technically parlance highly martial generation strictly generate commonly feasible sake commercially domestic judicata inexpedient accomplice
[2023-08-09 16:06:18,986][__main__][INFO] - Loss: 31.3907
[2023-08-09 16:06:39,069][__main__][INFO] - 5000 batches, and LR: 0.00100
[2023-08-09 16:06:39,094][__main__][INFO] - [1] monday saturday morning vacation friday evening gospi summer week holiday sunday afternoon adjourned night day
[2023-08-09 16:06:39,094][__main__][INFO] - [2] deo kishori madho kameshwar sunder devi bhagwan amar pratap ram chaman chiranjit brij bibi sah
[2023-08-09 16:06:39,094][__main__][INFO] - [3] jagirdar alienated watan survivorship inherit taluqdari arz zamindari raiyat occupancy cultivatory ancestor raiyats reversioner ryot
[2023-08-09 16:06:39,094][__main__][INFO] - [4] complies complied compliance comply complying fulfilled satisfies directory fulfils requirement conform obeyed conformity amenity noncompliance
[2023-08-09 16:06:39,094][__main__][INFO] - [5] complicity incriminating interrogated smuggled implicated suspect bribe confession corroborate stolen jeep dacoity kalaka suspected pws
[2023-08-09 16:06:39,094][__main__][INFO] - [6] fighting prestige million resisted hatred contested stake prosperity loyalty fought dadachanji obstruct defeating dignity frustration
[2023-08-09 16:06:39,094][__main__][INFO] - [7] route carriage operator bus plying passenger tourist transport vehicle ply motor permit nationalised omnibus nationalisation
[2023-08-09 16:06:39,094][__main__][INFO] - [8] incised neck shot fracture fired injury spear blow grievous knife stab assailant lathi abdomen abrasion
[2023-08-09 16:06:39,094][__main__][INFO] - [9] inserted obstante corresponds adaptation repealing repeal repealed xxiv seventh lxv enacted repugnant ninth xxvi repugnancy
[2023-08-09 16:06:39,094][__main__][INFO] - [10] smell blood stained hair solid stain clothes lantern effluent mortem acid poison fat dead shirt
[2023-08-09 16:06:39,094][__main__][INFO] - [11] manufactured polyester yarn dioxide dye manufac excisable manufacture fibre fabric beverage carton raw billet packing
[2023-08-09 16:06:39,094][__main__][INFO] - [12] still intact remains remained continues remain unaffected longer unchanged long continue root alive ceased till
[2023-08-09 16:06:39,094][__main__][INFO] - [13] denning halsbury lj atkin viscount edn lord edition macmillan wright vol atkinson smith reid parker
[2023-08-09 16:06:39,094][__main__][INFO] - [14] ambiguous ambiguity unambiguous grammatical literal absurdity widest construing obscure construed interpret construction liberal construe interpretation
[2023-08-09 16:06:39,094][__main__][INFO] - [15] skill enduring secular economic excellence decent advancement imparting predominant lending jockey exploitation talent productive intellectual
[2023-08-09 16:06:39,094][__main__][INFO] - [16] worship idol ceremony math temple rite religious endowment shrine sect deity tenet ritual swamiar chela
[2023-08-09 16:06:39,095][__main__][INFO] - [17] adjacent storeyed sq appurtenant adjoining admeasuring pasture erecting abadi site constructed park wall residential plot
[2023-08-09 16:06:39,095][__main__][INFO] - [18] blank thumb filled signature seal space donee marking assent renunciation endorsed sarkar bogus envelope drawer
[2023-08-09 16:06:39,095][__main__][INFO] - [19] depreciation accounting assessable computation chargeable turnover computed assessment unabsorbed net deductible smallness gain profit taxable
[2023-08-09 16:06:39,095][__main__][INFO] - [20] kernel groundnut nut edible hydrogenated oil bran shrimp cashew rab turnover seed cake vegetable lobster
[2023-08-09 16:06:39,095][__main__][INFO] - [21] detenu detention detaining detained deten commu communicate representation preventive earliest sentation conservation detain prejudicial communicated
[2023-08-09 16:06:39,095][__main__][INFO] - [22] seat constituency vote elected polled electorate caste candidate candidature akali sikkimese elector hariana voted sikkim
[2023-08-09 16:06:39,095][__main__][INFO] - [23] chaudhuri gopalakrishnan kr daphtary ck ganapathy dhebar sachthey dadachanji ratnaparkhi rh naunit jb viswanatha hj
[2023-08-09 16:06:39,095][__main__][INFO] - [24] leaflet printed poster envelope pamphlet annexures voucher exh herewith typed pasted urdu annexure circulated signature
[2023-08-09 16:06:39,095][__main__][INFO] - [25] examine examining consider scrutinise adjudicate examined ascertain scrutinize recall summon investigate enquire cross discus evaluate
[2023-08-09 16:06:39,095][__main__][INFO] - [26] juror jury assessor verdict triable misdirection session retrial convicting inexpedient convict acquit cognizance corroboration panel
[2023-08-09 16:06:39,095][__main__][INFO] - [27] dynamic complexity deeper pragmatic fraught deeply arbitrariness credibility improbability interpretative closer subtle bias extreme dilemma
[2023-08-09 16:06:39,095][__main__][INFO] - [28] lyer ganapathy iyer gopalakrishnan rangam pillai narayana chettiar nair venkata ammal ramaswami krishna ramachandran krishnamurthy
[2023-08-09 16:06:39,095][__main__][INFO] - [29] lakshmindra dadachanji dhebar sachthey subhashini thirtha jb andley porus rh ganapathy brgk khanwilkar bhartari daphtary
[2023-08-09 16:06:39,095][__main__][INFO] - [30] spontaneous growing forest growth tree plantation felling wild regeneration jungle grass forestry stigma sal cultivated
[2023-08-09 16:06:39,095][__main__][INFO] - [31] steamer alongside port lading consignee cargo destination consignor vessel loaded carrier rail siding ship harbour
[2023-08-09 16:06:39,095][__main__][INFO] - [32] subhashini sachthey dhebar karanjawala khanduja dadachanji shroff jb oc bhasme ratnaparkhi rh gambhir andley khanwilkar
[2023-08-09 16:06:39,095][__main__][INFO] - [33] seven five twelve fourteen eight nine six ten thirty twenty eleven sixty eighteen thirteen ninety
[2023-08-09 16:06:39,095][__main__][INFO] - [34] hoshiarpur coimbatore gurgaon shillong kanara rohtak sholapur agra meerut coorg warangal salem kurnool hissar jullundur
[2023-08-09 16:06:39,095][__main__][INFO] - [35] technically parlance highly martial generation strictly commonly generate commercially domestic sake feasible judicata economical inexpedient
[2023-08-09 16:06:39,095][__main__][INFO] - Loss: 0.5560
[2023-08-09 16:06:58,744][__main__][INFO] - 6000 batches, and LR: 0.00100
[2023-08-09 16:06:58,769][__main__][INFO] - [1] monday saturday morning vacation friday evening gospi summer holiday week sunday afternoon adjourned night day
[2023-08-09 16:06:58,769][__main__][INFO] - [2] deo madho kishori kameshwar sunder devi bhagwan amar pratap chaman ram chiranjit brij bibi sah
[2023-08-09 16:06:58,769][__main__][INFO] - [3] jagirdar alienated watan survivorship inherit taluqdari arz zamindari raiyat ancestor occupancy reversioner raiyats cultivatory ryot
[2023-08-09 16:06:58,769][__main__][INFO] - [4] complies complied compliance comply complying fulfilled satisfies directory fulfils requirement conform obeyed amenity conformity noncompliance
[2023-08-09 16:06:58,769][__main__][INFO] - [5] complicity incriminating interrogated smuggled implicated bribe suspect confession corroborate stolen jeep kalaka dacoity suspected pws
[2023-08-09 16:06:58,769][__main__][INFO] - [6] fighting prestige resisted million hatred contested prosperity stake fought loyalty dadachanji defeating frustration obstruct dignity
[2023-08-09 16:06:58,769][__main__][INFO] - [7] route carriage operator bus plying passenger tourist transport vehicle ply motor permit nationalised omnibus via
[2023-08-09 16:06:58,769][__main__][INFO] - [8] incised neck shot fracture fired injury spear blow grievous knife stab assailant lathi abdomen abrasion
[2023-08-09 16:06:58,769][__main__][INFO] - [9] inserted obstante corresponds adaptation repealing repeal repealed xxiv seventh enacted ninth repugnant lxv xxvi repugnancy
[2023-08-09 16:06:58,769][__main__][INFO] - [10] smell blood stained hair solid clothes stain lantern acid effluent mortem poison fat dead shirt
[2023-08-09 16:06:58,769][__main__][INFO] - [11] manufactured polyester yarn dioxide dye manufac excisable manufacture fibre fabric beverage carton billet raw packing
[2023-08-09 16:06:58,769][__main__][INFO] - [12] still intact remains remained continues remain unaffected longer unchanged long continue ceased alive root till
[2023-08-09 16:06:58,769][__main__][INFO] - [13] denning halsbury lj atkin viscount lord edn macmillan wright smith edition vol atkinson reid parker
[2023-08-09 16:06:58,769][__main__][INFO] - [14] ambiguous ambiguity unambiguous grammatical literal absurdity widest construing obscure construed construction interpret liberal construe interpretation
[2023-08-09 16:06:58,769][__main__][INFO] - [15] skill enduring secular excellence economic decent advancement imparting predominant jockey exploitation lending talent productive intellectual
[2023-08-09 16:06:58,769][__main__][INFO] - [16] worship idol ceremony math temple rite endowment religious shrine deity sect ritual tenet swamiar chela
[2023-08-09 16:06:58,769][__main__][INFO] - [17] adjacent storeyed sq adjoining appurtenant admeasuring pasture erecting abadi site constructed park wall residential plot
[2023-08-09 16:06:58,769][__main__][INFO] - [18] blank thumb filled signature seal space donee marking endorsed assent renunciation sarkar bogus envelope drawer
[2023-08-09 16:06:58,769][__main__][INFO] - [19] depreciation accounting assessable computation chargeable computed turnover assessment unabsorbed net deductible smallness gain profit dividend
[2023-08-09 16:06:58,769][__main__][INFO] - [20] kernel groundnut nut edible hydrogenated oil bran shrimp cashew rab turnover cake seed vegetable mixture
[2023-08-09 16:06:58,769][__main__][INFO] - [21] detenu detention detaining detained deten commu communicate representation preventive earliest sentation conservation detain prejudicial communicated
[2023-08-09 16:06:58,769][__main__][INFO] - [22] seat constituency vote elected polled electorate caste candidate candidature akali elector sikkimese hariana voted sikkim
[2023-08-09 16:06:58,769][__main__][INFO] - [23] chaudhuri gopalakrishnan kr daphtary ck ganapathy dhebar sachthey dadachanji ratnaparkhi rh naunit jb viswanatha hj
[2023-08-09 16:06:58,769][__main__][INFO] - [24] leaflet printed poster envelope annexures pamphlet voucher exh typed herewith pasted annexure urdu circulated signature
[2023-08-09 16:06:58,769][__main__][INFO] - [25] examine examining consider scrutinise examined ascertain adjudicate scrutinize recall summon investigate cross enquire discus evaluate
[2023-08-09 16:06:58,769][__main__][INFO] - [26] juror jury assessor verdict triable misdirection session retrial convicting inexpedient acquit convict cognizance corroboration panel
[2023-08-09 16:06:58,769][__main__][INFO] - [27] dynamic complexity deeper pragmatic fraught deeply arbitrariness credibility improbability interpretative bias closer subtle extreme dilemma
[2023-08-09 16:06:58,769][__main__][INFO] - [28] lyer ganapathy iyer gopalakrishnan rangam pillai chettiar narayana ammal venkata nair ramaswami krishna ramachandran krishnamurthy
[2023-08-09 16:06:58,769][__main__][INFO] - [29] lakshmindra dadachanji thirtha subhashini sachthey jb dhebar swamiar andley porus ratnaparkhi ganapathy bhartari oc rh
[2023-08-09 16:06:58,769][__main__][INFO] - [30] spontaneous growing forest growth tree plantation felling wild regeneration jungle grass forestry stigma sal cultivated
[2023-08-09 16:06:58,769][__main__][INFO] - [31] steamer alongside port lading consignee cargo destination consignor vessel rail loaded carrier siding ship dock
[2023-08-09 16:06:58,769][__main__][INFO] - [32] subhashini sachthey dhebar karanjawala khanduja dadachanji shroff jb oc bhasme rh ratnaparkhi andley gambhir khanwilkar
[2023-08-09 16:06:58,769][__main__][INFO] - [33] seven five twelve fourteen eight nine six ten thirty twenty eleven sixty eighteen ninety fifteen
[2023-08-09 16:06:58,769][__main__][INFO] - [34] hoshiarpur gurgaon shillong coimbatore kanara rohtak sholapur agra meerut coorg salem warangal kurnool hissar jullundur
[2023-08-09 16:06:58,769][__main__][INFO] - [35] technically parlance highly martial generation strictly commonly generate commercially domestic feasible sake judicata economical inexpedient
[2023-08-09 16:06:58,769][__main__][INFO] - Loss: 0.3600
[2023-08-09 16:07:18,060][__main__][INFO] - 7000 batches, and LR: 0.00100
[2023-08-09 16:07:18,086][__main__][INFO] - [1] monday saturday morning vacation friday evening gospi summer holiday sunday week afternoon adjourned day night
[2023-08-09 16:07:18,086][__main__][INFO] - [2] deo madho kishori kameshwar sunder devi bhagwan amar pratap ram chaman chiranjit bibi sah beni
[2023-08-09 16:07:18,086][__main__][INFO] - [3] jagirdar alienated watan survivorship inherit taluqdari arz raiyat zamindari raiyats occupancy ancestor reversioner cultivatory ryot
[2023-08-09 16:07:18,086][__main__][INFO] - [4] complies complied compliance comply complying fulfilled satisfies directory fulfils requirement conform obeyed conformity amenity noncompliance
[2023-08-09 16:07:18,086][__main__][INFO] - [5] complicity incriminating interrogated smuggled implicated suspect bribe confession corroborate stolen jeep kalaka suspected dacoity pws
[2023-08-09 16:07:18,086][__main__][INFO] - [6] fighting prestige resisted hatred million contested prosperity stake loyalty fought defeating dadachanji frustration obstruct avoiding
[2023-08-09 16:07:18,086][__main__][INFO] - [7] route carriage operator bus plying passenger tourist transport vehicle ply motor permit nationalised omnibus via
[2023-08-09 16:07:18,086][__main__][INFO] - [8] incised neck shot fracture fired injury spear blow grievous knife stab assailant lathi abdomen abrasion
[2023-08-09 16:07:18,086][__main__][INFO] - [9] inserted obstante corresponds adaptation repealing repeal repealed xxiv seventh enacted repugnant ninth lxv xxvi repugnancy
[2023-08-09 16:07:18,086][__main__][INFO] - [10] smell blood stained hair solid clothes stain effluent acid mortem lantern dead poison fat shirt
[2023-08-09 16:07:18,086][__main__][INFO] - [11] manufactured polyester yarn dioxide dye manufac excisable fibre manufacture fabric beverage billet raw carton wool
[2023-08-09 16:07:18,086][__main__][INFO] - [12] still intact remains continues remained remain unaffected longer unchanged long continue root ceased alive till
[2023-08-09 16:07:18,086][__main__][INFO] - [13] denning halsbury lj atkin viscount edn lord macmillan edition vol wright smith atkinson reid parker
[2023-08-09 16:07:18,086][__main__][INFO] - [14] ambiguous ambiguity unambiguous grammatical literal absurdity construing widest construed obscure construction interpret liberal construe interpretation
[2023-08-09 16:07:18,086][__main__][INFO] - [15] skill enduring secular excellence economic decent advancement exploitation imparting predominant jockey talent productive lending intellectual
[2023-08-09 16:07:18,086][__main__][INFO] - [16] worship idol ceremony math temple rite religious endowment shrine deity sect ritual tenet swamiar charity
[2023-08-09 16:07:18,086][__main__][INFO] - [17] adjacent storeyed sq adjoining appurtenant pasture admeasuring erecting abadi site park constructed wall residential plot
[2023-08-09 16:07:18,086][__main__][INFO] - [18] blank thumb filled signature seal space marking donee endorsed renunciation assent bogus sarkar drawer envelope
[2023-08-09 16:07:18,086][__main__][INFO] - [19] depreciation accounting assessable computation chargeable computed turnover assessment unabsorbed net smallness deductible gain profit taxable
[2023-08-09 16:07:18,086][__main__][INFO] - [20] kernel groundnut nut edible oil hydrogenated bran shrimp cashew rab turnover cake seed vegetable lobster
[2023-08-09 16:07:18,086][__main__][INFO] - [21] detenu detention detaining detained deten commu communicate representation preventive earliest sentation conservation prejudicial detain communicated
[2023-08-09 16:07:18,086][__main__][INFO] - [22] seat constituency vote elected polled electorate caste candidate candidature akali elector voted sikkimese hariana sikkim
[2023-08-09 16:07:18,086][__main__][INFO] - [23] chaudhuri gopalakrishnan kr daphtary ck dhebar ganapathy sachthey dadachanji ratnaparkhi rh naunit jb hj viswanatha
[2023-08-09 16:07:18,086][__main__][INFO] - [24] leaflet printed poster envelope voucher annexures pamphlet exh herewith typed pasted annexure urdu circulated signature
[2023-08-09 16:07:18,086][__main__][INFO] - [25] examine examining consider scrutinise ascertain examined adjudicate scrutinize recall summon investigate cross enquire discus evaluate
[2023-08-09 16:07:18,086][__main__][INFO] - [26] juror jury assessor verdict triable misdirection session retrial convicting inexpedient acquit convict cognizance panel acquitted
[2023-08-09 16:07:18,086][__main__][INFO] - [27] dynamic complexity deeper pragmatic fraught arbitrariness deeply credibility improbability bias interpretative closer subtle extreme confusion
[2023-08-09 16:07:18,086][__main__][INFO] - [28] lyer ganapathy iyer gopalakrishnan rangam pillai chettiar narayana ammal venkata nair ramaswami krishna satyanarayana krishnamurthy
[2023-08-09 16:07:18,086][__main__][INFO] - [29] lakshmindra dadachanji thirtha subhashini sachthey jb dhebar andley porus swamiar rh ganapathy brgk bhartari ratnaparkhi
[2023-08-09 16:07:18,086][__main__][INFO] - [30] spontaneous forest growing growth tree plantation felling regeneration wild jungle stigma grass forestry sal cultivated
[2023-08-09 16:07:18,087][__main__][INFO] - [31] steamer alongside port lading consignee cargo destination consignor vessel rail carrier loaded ship siding dock
[2023-08-09 16:07:18,087][__main__][INFO] - [32] subhashini sachthey dhebar karanjawala khanduja dadachanji shroff jb oc rh bhasme andley ratnaparkhi gambhir cv
[2023-08-09 16:07:18,087][__main__][INFO] - [33] seven five twelve fourteen eight nine thirty ten six twenty eleven sixty eighteen thirteen ninety
[2023-08-09 16:07:18,087][__main__][INFO] - [34] hoshiarpur gurgaon coimbatore shillong kanara rohtak sholapur agra meerut coorg salem kurnool belgaum tripura warangal
[2023-08-09 16:07:18,087][__main__][INFO] - [35] technically parlance highly martial generation strictly commonly generate commercially domestic feasible sake judicata illiterate inexpedient
[2023-08-09 16:07:18,087][__main__][INFO] - Loss: 0.2355
[2023-08-09 16:07:38,809][__main__][INFO] - 8000 batches, and LR: 0.00100
[2023-08-09 16:07:38,834][__main__][INFO] - [1] monday saturday morning vacation friday evening gospi summer sunday holiday week afternoon night adjourned day
[2023-08-09 16:07:38,834][__main__][INFO] - [2] deo kishori madho kameshwar sunder devi bhagwan amar pratap ram chaman chiranjit sah brij bibi
[2023-08-09 16:07:38,835][__main__][INFO] - [3] jagirdar alienated watan survivorship inherit taluqdari raiyat zamindari arz ancestor raiyats reversioner occupancy cultivatory ryot
[2023-08-09 16:07:38,835][__main__][INFO] - [4] complies complied compliance comply complying fulfilled directory satisfies fulfils conform requirement obeyed conformity noncompliance mandatory
[2023-08-09 16:07:38,835][__main__][INFO] - [5] complicity incriminating interrogated smuggled implicated bribe suspect confession corroborate stolen dacoity jeep suspected kalaka pws
[2023-08-09 16:07:38,835][__main__][INFO] - [6] fighting prestige resisted hatred million contested stake prosperity defeating loyalty fought obstruct frustration dadachanji avoiding
[2023-08-09 16:07:38,835][__main__][INFO] - [7] route carriage operator bus plying passenger tourist transport vehicle ply motor permit nationalised omnibus via
[2023-08-09 16:07:38,835][__main__][INFO] - [8] incised neck shot injury fired fracture spear grievous blow stab knife abdomen lathi assailant inflicted
[2023-08-09 16:07:38,835][__main__][INFO] - [9] inserted obstante corresponds adaptation repealing repeal repealed xxiv repugnant seventh enacted lxv ninth xxvi repugnancy
[2023-08-09 16:07:38,835][__main__][INFO] - [10] smell blood stained hair solid clothes effluent stain acid mortem lantern poison dead fat powder
[2023-08-09 16:07:38,835][__main__][INFO] - [11] manufactured polyester yarn dioxide dye manufac excisable fibre manufacture fabric beverage billet carton raw wool
[2023-08-09 16:07:38,835][__main__][INFO] - [12] still intact remains remained continues remain unaffected longer unchanged long root alive continue ceased till
[2023-08-09 16:07:38,835][__main__][INFO] - [13] denning halsbury lj viscount atkin edn lord macmillan edition vol wright smith atkinson rex parker
[2023-08-09 16:07:38,835][__main__][INFO] - [14] ambiguous ambiguity unambiguous grammatical literal absurdity construing widest obscure construed construction interpret liberal construe interpretation
[2023-08-09 16:07:38,835][__main__][INFO] - [15] skill secular enduring economic excellence decent exploitation advancement imparting predominant productive talent lending jockey intellectual
[2023-08-09 16:07:38,835][__main__][INFO] - [16] worship idol ceremony math rite temple religious endowment shrine sect ritual deity tenet swamiar charity
[2023-08-09 16:07:38,835][__main__][INFO] - [17] adjacent storeyed sq adjoining appurtenant pasture admeasuring erecting abadi site park constructed wall residential recreation
[2023-08-09 16:07:38,835][__main__][INFO] - [18] blank thumb filled signature seal marking space donee endorsed renunciation assent bogus sarkar finger drawer
[2023-08-09 16:07:38,835][__main__][INFO] - [19] depreciation accounting assessable computation chargeable computed turnover assessment unabsorbed net smallness deductible gain profit taxable
[2023-08-09 16:07:38,835][__main__][INFO] - [20] kernel groundnut nut edible hydrogenated oil bran shrimp cashew rab turnover seed cake vegetable lobster
[2023-08-09 16:07:38,835][__main__][INFO] - [21] detention detenu detaining detained deten commu communicate representation preventive earliest sentation conservation prejudicial detain communicated
[2023-08-09 16:07:38,835][__main__][INFO] - [22] seat vote constituency elected polled electorate candidature caste candidate akali voted hariana sikkimese elector voter
[2023-08-09 16:07:38,835][__main__][INFO] - [23] chaudhuri gopalakrishnan kr daphtary ck dhebar ganapathy sachthey dadachanji ratnaparkhi rh naunit jb hj viswanatha
[2023-08-09 16:07:38,835][__main__][INFO] - [24] leaflet printed poster envelope pamphlet annexures voucher exh typed pasted herewith urdu annexure circulated signature
[2023-08-09 16:07:38,835][__main__][INFO] - [25] examine examining consider scrutinise examined ascertain adjudicate scrutinize recall summon investigate cross enquire discus hear
[2023-08-09 16:07:38,835][__main__][INFO] - [26] juror jury assessor verdict triable misdirection session retrial convicting acquit inexpedient convict cognizance panel acquitted
[2023-08-09 16:07:38,835][__main__][INFO] - [27] dynamic complexity deeper pragmatic fraught arbitrariness deeply credibility bias improbability interpretative closer extreme subtle dilemma
[2023-08-09 16:07:38,835][__main__][INFO] - [28] lyer ganapathy iyer gopalakrishnan rangam pillai narayana chettiar venkata ammal nair krishna ramaswami satyanarayana ramachandran
[2023-08-09 16:07:38,835][__main__][INFO] - [29] lakshmindra dadachanji thirtha sachthey subhashini dhebar jb andley porus swamiar rh ganapathy bhartari brgk ratnaparkhi
[2023-08-09 16:07:38,835][__main__][INFO] - [30] spontaneous forest growing growth tree plantation felling wild regeneration jungle stigma grass sal forestry cultivated
[2023-08-09 16:07:38,835][__main__][INFO] - [31] steamer alongside port lading consignee cargo destination consignor vessel rail carrier loaded ship siding harbour
[2023-08-09 16:07:38,835][__main__][INFO] - [32] subhashini sachthey dhebar dadachanji khanduja karanjawala shroff jb oc andley rh ratnaparkhi bhasme gambhir cv
[2023-08-09 16:07:38,835][__main__][INFO] - [33] seven five fourteen twelve eight nine six ten eleven thirty twenty sixty thirteen eighteen ninety
[2023-08-09 16:07:38,835][__main__][INFO] - [34] hoshiarpur gurgaon kanara shillong coimbatore rohtak sholapur meerut agra coorg kurnool salem tripura warangal jullundur
[2023-08-09 16:07:38,835][__main__][INFO] - [35] technically parlance highly martial generation strictly commonly generate commercially feasible domestic accomplice sake economical illiterate
[2023-08-09 16:07:38,835][__main__][INFO] - Loss: 0.2323
[2023-08-09 16:07:58,129][__main__][INFO] - 9000 batches, and LR: 0.00100
[2023-08-09 16:07:58,159][__main__][INFO] - [1] monday saturday morning vacation friday gospi evening summer holiday sunday week afternoon night adjourned day
[2023-08-09 16:07:58,160][__main__][INFO] - [2] deo kameshwar kishori madho sunder bhagwan devi pratap amar ram chaman chiranjit bibi beni nathu
[2023-08-09 16:07:58,160][__main__][INFO] - [3] alienated jagirdar watan survivorship inherit taluqdari arz raiyat zamindari ancestor raiyats occupancy reversioner cultivatory impartible
[2023-08-09 16:07:58,160][__main__][INFO] - [4] complies complied compliance comply complying directory fulfilled fulfils satisfies obeyed conform requirement conformity mandatory amenity
[2023-08-09 16:07:58,160][__main__][INFO] - [5] complicity incriminating interrogated smuggled implicated bribe suspect confession corroborate dacoity suspected jeep stolen kalaka pws
[2023-08-09 16:07:58,160][__main__][INFO] - [6] fighting prestige resisted hatred stake contested million prosperity defeating loyalty obstruct avoiding frustration fought dignity
[2023-08-09 16:07:58,160][__main__][INFO] - [7] route carriage operator bus plying passenger tourist transport vehicle ply motor permit nationalised omnibus via
[2023-08-09 16:07:58,160][__main__][INFO] - [8] incised neck shot fired spear injury fracture blow grievous knife lathi stab abdomen inflicted assailant
[2023-08-09 16:07:58,160][__main__][INFO] - [9] inserted obstante corresponds adaptation repealing repeal repealed repugnant enacted xxiv seventh lxv enacting ninth preamble
[2023-08-09 16:07:58,160][__main__][INFO] - [10] smell blood stained hair solid clothes effluent stain acid mortem lantern poison dead fat kerosene
[2023-08-09 16:07:58,160][__main__][INFO] - [11] manufactured polyester yarn dioxide dye fibre manufac excisable manufacture beverage fabric billet wool carton raw
[2023-08-09 16:07:58,160][__main__][INFO] - [12] still intact remains continues remained remain unaffected longer unchanged root long alive continue ceased revive
[2023-08-09 16:07:58,160][__main__][INFO] - [13] denning halsbury lj atkin viscount edn lord wright macmillan vol edition smith atkinson parker rex
[2023-08-09 16:07:58,160][__main__][INFO] - [14] ambiguous ambiguity unambiguous grammatical literal absurdity widest construed construing construction obscure interpret construe tenor liberal
[2023-08-09 16:07:58,160][__main__][INFO] - [15] skill secular enduring economic decent excellence exploitation advancement imparting productive talent predominant intellectual jockey lending
[2023-08-09 16:07:58,160][__main__][INFO] - [16] worship idol ceremony math rite temple religious endowment shrine sect ritual deity tenet swamiar charity
[2023-08-09 16:07:58,160][__main__][INFO] - [17] adjacent storeyed sq adjoining appurtenant pasture erecting admeasuring site abadi park constructed residential wall plot
[2023-08-09 16:07:58,160][__main__][INFO] - [18] blank thumb filled signature marking seal space renunciation donee bogus endorsed sarkar finger assent envelope
[2023-08-09 16:07:58,160][__main__][INFO] - [19] depreciation accounting assessable computation unabsorbed chargeable computed turnover assessment net smallness gain deductible profit wealth
[2023-08-09 16:07:58,160][__main__][INFO] - [20] kernel groundnut nut edible oil hydrogenated shrimp bran cashew rab vegetable seed cake lobster prawn
[2023-08-09 16:07:58,160][__main__][INFO] - [21] detenu detention detaining detained deten commu communicate representation preventive earliest conservation sentation prejudicial detain communicated
[2023-08-09 16:07:58,160][__main__][INFO] - [22] seat elected constituency vote electorate candidature polled candidate caste akali elector voted hariana sikkim sikkimese
[2023-08-09 16:07:58,160][__main__][INFO] - [23] chaudhuri gopalakrishnan kr daphtary ck ganapathy dhebar sachthey dadachanji ratnaparkhi rh jb naunit hj viswanatha
[2023-08-09 16:07:58,160][__main__][INFO] - [24] leaflet poster printed envelope pamphlet annexures voucher exh typed pasted herewith urdu circulated annexure translation
[2023-08-09 16:07:58,160][__main__][INFO] - [25] examine examining consider scrutinise adjudicate examined ascertain scrutinize recall summon investigate cross enquire discus hear
[2023-08-09 16:07:58,160][__main__][INFO] - [26] juror jury assessor verdict triable misdirection session retrial convicting acquit inexpedient convict cognizance panel murder
[2023-08-09 16:07:58,160][__main__][INFO] - [27] complexity dynamic pragmatic deeper fraught arbitrariness deeply bias credibility interpretative extreme improbability subtle closer dilemma
[2023-08-09 16:07:58,160][__main__][INFO] - [28] lyer ganapathy iyer gopalakrishnan rangam pillai narayana chettiar ammal krishna venkata nair ramachandran ramaswami satyanarayana
[2023-08-09 16:07:58,160][__main__][INFO] - [29] lakshmindra dadachanji thirtha jb dhebar subhashini sachthey andley swamiar bhartari porus rh khanwilkar brgk cv
[2023-08-09 16:07:58,160][__main__][INFO] - [30] spontaneous growing forest growth tree felling plantation stigma wild regeneration jungle grass sal forestry root
[2023-08-09 16:07:58,160][__main__][INFO] - [31] steamer alongside port lading consignee cargo destination consignor vessel carrier rail loaded siding ship loading
[2023-08-09 16:07:58,160][__main__][INFO] - [32] subhashini sachthey dhebar dadachanji karanjawala khanduja shroff jb oc rh andley bhasme ratnaparkhi cv gambhir
[2023-08-09 16:07:58,160][__main__][INFO] - [33] seven five fourteen twelve nine eight six ten eleven thirty twenty sixty thirteen eighteen fifteen
[2023-08-09 16:07:58,160][__main__][INFO] - [34] hoshiarpur gurgaon kanara shillong rohtak coimbatore sholapur meerut coorg agra jullundur belgaum hissar kurnool warangal
[2023-08-09 16:07:58,160][__main__][INFO] - [35] technically parlance highly martial generation strictly generate commonly illiterate feasible sake domestic economical inexpedient strict
[2023-08-09 16:07:58,160][__main__][INFO] - Loss: 0.1658
[2023-08-09 16:08:17,440][__main__][INFO] - 10000 batches, and LR: 0.00100
[2023-08-09 16:08:17,475][__main__][INFO] - [1] monday saturday morning friday vacation gospi evening summer holiday sunday week afternoon night adjourned day
[2023-08-09 16:08:17,475][__main__][INFO] - [2] deo kishori kameshwar madho sunder devi bhagwan ram pratap amar chaman brij prakash chiranjit bibi
[2023-08-09 16:08:17,475][__main__][INFO] - [3] jagirdar alienated watan survivorship inherit taluqdari raiyat arz zamindari ancestor raiyats occupancy cultivatory impartible reversioner
[2023-08-09 16:08:17,475][__main__][INFO] - [4] complies complied compliance comply complying fulfilled directory satisfies fulfils conform requirement obeyed amenity mandatory conformity
[2023-08-09 16:08:17,475][__main__][INFO] - [5] complicity incriminating interrogated implicated smuggled suspect confession corroborate bribe dacoity jeep stolen suspected pws kalaka
[2023-08-09 16:08:17,475][__main__][INFO] - [6] fighting prestige resisted million stake prosperity contested hatred loyalty defeating stability dadachanji frustration obstruct fought
[2023-08-09 16:08:17,475][__main__][INFO] - [7] route carriage operator bus plying tourist passenger transport vehicle ply motor nationalised permit omnibus nationalisation
[2023-08-09 16:08:17,475][__main__][INFO] - [8] neck incised shot fired spear injury fracture blow grievous knife lathi stab abdomen assailant inflicted
[2023-08-09 16:08:17,475][__main__][INFO] - [9] obstante inserted corresponds repealing adaptation repeal repealed repugnant enacted xxiv seventh lxv repugnancy ninth xxvi
[2023-08-09 16:08:17,475][__main__][INFO] - [10] smell blood solid stained hair effluent clothes acid fat powder lying stain poison kerosene dead
[2023-08-09 16:08:17,475][__main__][INFO] - [11] manufactured polyester yarn dioxide dye manufac excisable fibre manufacture fabric beverage billet raw carton wool
[2023-08-09 16:08:17,475][__main__][INFO] - [12] still intact remains remained continues remain unaffected unchanged longer root long alive ceased christianity continue
[2023-08-09 16:08:17,475][__main__][INFO] - [13] denning halsbury lj viscount atkin edn lord vol edition macmillan wright smith rex atkinson parker
[2023-08-09 16:08:17,475][__main__][INFO] - [14] ambiguous ambiguity unambiguous grammatical literal absurdity widest construed construing construction obscure interpret construe susceptible canon
[2023-08-09 16:08:17,476][__main__][INFO] - [15] skill enduring secular excellence decent economic exploitation imparting productive intellectual talent lending jockey pursuit exploited
[2023-08-09 16:08:17,476][__main__][INFO] - [16] worship ceremony idol math rite religious temple endowment sect shrine tenet ritual deity swamiar charity
[2023-08-09 16:08:17,476][__main__][INFO] - [17] storeyed adjacent sq appurtenant adjoining pasture erecting admeasuring site abadi park constructed residential recreation construct
[2023-08-09 16:08:17,476][__main__][INFO] - [18] blank thumb filled signature marking seal renunciation space donee assent bogus finger coin endorsed drawer
[2023-08-09 16:08:17,476][__main__][INFO] - [19] depreciation accounting assessable computation computed chargeable unabsorbed turnover net deductible assessment smallness gain profit wealth
[2023-08-09 16:08:17,476][__main__][INFO] - [20] kernel groundnut nut edible oil hydrogenated bran shrimp cashew rab seed vegetable cake lobster mixture
[2023-08-09 16:08:17,476][__main__][INFO] - [21] detention detenu detaining detained deten commu communicate preventive representation conservation earliest sentation prejudicial detain jail
[2023-08-09 16:08:17,476][__main__][INFO] - [22] seat elected constituency vote candidate candidature caste polled electorate akali assembly sikkimese voted tribe sikkim
[2023-08-09 16:08:17,476][__main__][INFO] - [23] chaudhuri gopalakrishnan kr daphtary ck ganapathy dhebar sachthey dadachanji ratnaparkhi rh naunit jb hj viswanatha
[2023-08-09 16:08:17,476][__main__][INFO] - [24] leaflet printed poster envelope pamphlet annexures voucher typed exh pasted herewith annexure urdu circulated signature
[2023-08-09 16:08:17,476][__main__][INFO] - [25] examine examining consider scrutinise adjudicate ascertain examined scrutinize recall summon investigate enquire cross evaluate discus
[2023-08-09 16:08:17,476][__main__][INFO] - [26] juror jury assessor verdict triable misdirection session retrial acquit convicting convict inexpedient acquitted corroboration cognizance
[2023-08-09 16:08:17,476][__main__][INFO] - [27] dynamic complexity pragmatic deeper fraught arbitrariness deeply credibility interpretative bias subtle improbability deterrence closer dilemma
[2023-08-09 16:08:17,476][__main__][INFO] - [28] lyer ganapathy iyer gopalakrishnan rangam pillai chettiar narayana ammal krishna venkata nair ramachandran ramaswami srinivasan
[2023-08-09 16:08:17,476][__main__][INFO] - [29] lakshmindra dadachanji subhashini sachthey dhebar thirtha jb andley porus khanwilkar bhartari cv rh ganapathy ratnaparkhi
[2023-08-09 16:08:17,476][__main__][INFO] - [30] spontaneous forest growing growth tree felling stigma plantation regeneration sal wild grass jungle forestry cultivated
[2023-08-09 16:08:17,476][__main__][INFO] - [31] steamer alongside cargo lading port consignee destination vessel consignor siding rail loaded carrier loading ship
[2023-08-09 16:08:17,476][__main__][INFO] - [32] subhashini sachthey dhebar karanjawala shroff khanduja dadachanji jb rh oc bhasme gambhir ratnaparkhi cv andley
[2023-08-09 16:08:17,476][__main__][INFO] - [33] seven five twelve fourteen eight nine ten twenty eleven thirty six sixty eighteen thirteen ninety
[2023-08-09 16:08:17,476][__main__][INFO] - [34] hoshiarpur kanara gurgaon shillong rohtak coimbatore jullundur sholapur meerut coorg kurnool guntur agra hissar salem
[2023-08-09 16:08:17,476][__main__][INFO] - [35] technically parlance martial highly strictly commonly generation technical generate judicata domestic commercially strict accomplice feasible
[2023-08-09 16:08:17,476][__main__][INFO] - Loss: 0.0529
[2023-08-09 16:08:36,751][__main__][INFO] - 11000 batches, and LR: 0.00100
[2023-08-09 16:08:36,777][__main__][INFO] - [1] monday saturday morning friday vacation gospi summer evening holiday sunday week afternoon adjourned night day
[2023-08-09 16:08:36,777][__main__][INFO] - [2] deo kishori madho kameshwar sunder devi bhagwan chaman brij amar ram sah bibi prakash chiranjit
[2023-08-09 16:08:36,777][__main__][INFO] - [3] alienated jagirdar watan inherit survivorship taluqdari ancestor zamindari raiyat arz raiyats occupancy cultivatory impartible reversioner
[2023-08-09 16:08:36,777][__main__][INFO] - [4] complies complied compliance comply directory complying fulfilled satisfies requirement obeyed fulfils conform mandatory amenity conformity
[2023-08-09 16:08:36,777][__main__][INFO] - [5] complicity incriminating interrogated smuggled implicated bribe suspect confession corroborate jeep stolen pws dacoity suspected kalaka
[2023-08-09 16:08:36,777][__main__][INFO] - [6] fighting resisted prestige contested million stake defeating dadachanji prosperity loyalty hatred frustration avoiding promoting fought
[2023-08-09 16:08:36,777][__main__][INFO] - [7] route carriage operator bus plying tourist passenger transport ply vehicle motor nationalised permit omnibus via
[2023-08-09 16:08:36,777][__main__][INFO] - [8] incised neck shot fired fracture spear injury blow grievous knife lathi stab abdomen inflicted assailant
[2023-08-09 16:08:36,777][__main__][INFO] - [9] obstante inserted corresponds repealing adaptation repeal repugnant repealed xxiv enacted seventh repugnancy ninth xxvi definition
[2023-08-09 16:08:36,777][__main__][INFO] - [10] smell blood solid stained hair effluent clothes powder fat acid stain poison lantern lying blanket
[2023-08-09 16:08:36,777][__main__][INFO] - [11] manufactured polyester yarn dioxide dye manufac excisable manufacture fibre billet beverage wool carton raw fabric
[2023-08-09 16:08:36,777][__main__][INFO] - [12] still intact remains continues remained remain unaffected unchanged longer root long alive continue ceased continued
[2023-08-09 16:08:36,777][__main__][INFO] - [13] denning halsbury lj viscount atkin lord macmillan edn wright smith atkinson vol rex parker edition
[2023-08-09 16:08:36,777][__main__][INFO] - [14] ambiguous ambiguity unambiguous literal grammatical absurdity widest construction construing construed construe interpretation interpret obscure liberal
[2023-08-09 16:08:36,777][__main__][INFO] - [15] skill enduring decent secular economic imparting excellence talent lending exploitation productive advancement jockey intellectual exploited
[2023-08-09 16:08:36,777][__main__][INFO] - [16] worship ceremony idol math rite temple endowment religious sect shrine ritual deity tenet swamiar charity
[2023-08-09 16:08:36,777][__main__][INFO] - [17] storeyed adjacent sq appurtenant adjoining erecting pasture admeasuring site constructed residential abadi park construct bungalow
[2023-08-09 16:08:36,777][__main__][INFO] - [18] blank thumb filled signature marking seal renunciation donee space endorsed assent bogus finger drawer envelope
[2023-08-09 16:08:36,777][__main__][INFO] - [19] depreciation accounting assessable computation unabsorbed computed chargeable net smallness turnover deductible assessment gain wealth profit
[2023-08-09 16:08:36,778][__main__][INFO] - [20] kernel groundnut nut edible hydrogenated oil bran cashew shrimp rab vegetable seed cake refined turnover
[2023-08-09 16:08:36,778][__main__][INFO] - [21] detenu detention detaining detained deten commu communicate preventive representation conservation earliest detain prejudicial sentation communicated
[2023-08-09 16:08:36,778][__main__][INFO] - [22] seat elected vote constituency candidature polled candidate caste electorate voted faculty elector akali assembly sikkim
[2023-08-09 16:08:36,778][__main__][INFO] - [23] chaudhuri gopalakrishnan kr ck daphtary ganapathy sachthey dhebar dadachanji ratnaparkhi rh naunit jb hj viswanatha
[2023-08-09 16:08:36,778][__main__][INFO] - [24] leaflet poster printed envelope annexures pamphlet voucher exh herewith typed annexure pasted urdu circulated signature
[2023-08-09 16:08:36,778][__main__][INFO] - [25] examine examining consider scrutinise adjudicate examined scrutinize ascertain recall summon discus investigate cross evaluate enquire
[2023-08-09 16:08:36,778][__main__][INFO] - [26] juror jury assessor verdict triable misdirection session retrial acquit convicting inexpedient convict panel acquitted corroboration
[2023-08-09 16:08:36,778][__main__][INFO] - [27] complexity dynamic pragmatic deeper fraught arbitrariness deeply credibility bias interpretative closer improbability extreme subtle cautious
[2023-08-09 16:08:36,778][__main__][INFO] - [28] lyer ganapathy iyer gopalakrishnan rangam pillai chettiar narayana ammal nair venkata ramachandran krishnamurthy srinivasan krishna
[2023-08-09 16:08:36,778][__main__][INFO] - [29] lakshmindra dadachanji subhashini sachthey thirtha jb dhebar bhartari porus andley kmk cv khanwilkar khanduja oc
[2023-08-09 16:08:36,778][__main__][INFO] - [30] spontaneous forest growing growth tree felling plantation stigma sal regeneration wild grass jungle forestry cultivated
[2023-08-09 16:08:36,778][__main__][INFO] - [31] steamer alongside port lading cargo consignee destination vessel consignor siding rail loaded ship loading carrier
[2023-08-09 16:08:36,778][__main__][INFO] - [32] subhashini sachthey dhebar karanjawala shroff khanduja dadachanji jb bhasme oc rh gambhir sk khanwilkar ratnaparkhi
[2023-08-09 16:08:36,778][__main__][INFO] - [33] seven five eleven ten fourteen nine twelve eight twenty thirty six sixty thirteen eighteen ninety
[2023-08-09 16:08:36,778][__main__][INFO] - [34] hoshiarpur gurgaon shillong coimbatore rohtak kanara sholapur meerut agra coorg jullundur guntur kurnool salem hissar
[2023-08-09 16:08:36,778][__main__][INFO] - [35] technically parlance highly martial strictly generation commonly technical generate sake strict judicata feasible unskilled domestic
[2023-08-09 16:08:36,778][__main__][INFO] - Loss: 0.0531
